0 info it worked if it ends with ok
1 verbose cli [ 'node', '/usr/local/bin/npm', 'install', 'agershun:alasql' ]
2 info using npm@2.10.0
3 info using node@v0.12.2
4 verbose node symlink /usr/local/bin/node
5 verbose install initial load of /Users/sophiefilipov/Documents/gitSofi/Meteor_IndoorRepository/app/package.json
6 verbose readDependencies loading dependencies from /Users/sophiefilipov/Documents/gitSofi/Meteor_IndoorRepository/app/package.json
7 verbose stack Error: Unsupported URL Type: agershun:alasql
7 verbose stack     at parseUrl (/usr/local/lib/node_modules/npm/node_modules/npm-package-arg/npa.js:168:13)
7 verbose stack     at npa (/usr/local/lib/node_modules/npm/node_modules/npm-package-arg/npa.js:75:12)
7 verbose stack     at resolver (/usr/local/lib/node_modules/npm/lib/install.js:844:42)
7 verbose stack     at /usr/local/lib/node_modules/npm/node_modules/slide/lib/async-map.js:52:35
7 verbose stack     at Array.forEach (native)
7 verbose stack     at /usr/local/lib/node_modules/npm/node_modules/slide/lib/async-map.js:52:11
7 verbose stack     at Array.forEach (native)
7 verbose stack     at asyncMap (/usr/local/lib/node_modules/npm/node_modules/slide/lib/async-map.js:51:8)
7 verbose stack     at /usr/local/lib/node_modules/npm/lib/install.js:702:5
7 verbose stack     at /usr/local/lib/node_modules/npm/lib/install.js:324:20
8 verbose cwd /Users/sophiefilipov/Documents/gitSofi/Meteor_IndoorRepository/app
9 error Darwin 14.3.0
10 error argv "node" "/usr/local/bin/npm" "install" "agershun:alasql"
11 error node v0.12.2
12 error npm  v2.10.0
13 error Unsupported URL Type: agershun:alasql
14 error If you need help, you may report this error at:
14 error     <https://github.com/npm/npm/issues>
15 verbose exit [ 1, true ]
